2026-04-11T11:03:14 UTC | Loading BPF program from /home/litaliano00-dev/PysiAdmin/ebpf/probes/exec_monitor.c
2026-04-11T11:03:18 UTC | Tracing execve syscalls — Ctrl+C to stop.
2026-04-11T11:04:03 UTC | EXEC | pid=353041 ppid=331666 uid=1000   comm=ptyxis-agent         file=
2026-04-11T11:04:03 UTC | EXEC | pid=353041 ppid=331666 uid=1000   comm=ptyxis-agent         file=
2026-04-11T11:04:03 UTC | EXEC | pid=353041 ppid=331666 uid=1000   comm=ptyxis-agent         file=
2026-04-11T11:04:03 UTC | EXEC | pid=353041 ppid=331666 uid=1000   comm=ptyxis-agent         file=
2026-04-11T11:04:03 UTC | EXEC | pid=353041 ppid=331666 uid=1000   comm=ptyxis-agent         file=
2026-04-11T11:04:03 UTC | EXEC | pid=353041 ppid=331666 uid=1000   comm=ptyxis-agent         file=
2026-04-11T11:04:03 UTC | EXEC | pid=353041 ppid=331666 uid=1000   comm=systemd-run          file=
2026-04-11T11:04:03 UTC | EXEC | pid=353044 ppid=353041 uid=1000   comm=bash                 file=
2026-04-11T11:04:03 UTC | EXEC | pid=353045 ppid=353044 uid=1000   comm=grepconf.sh          file=
2026-04-11T11:04:03 UTC | EXEC | pid=353047 ppid=353046 uid=1000   comm=bash                 file=
2026-04-11T11:04:03 UTC | EXEC | pid=353048 ppid=353041 uid=1000   comm=bash                 file=
2026-04-11T11:04:03 UTC | EXEC | pid=353049 ppid=353041 uid=1000   comm=bash                 file=
2026-04-11T11:04:03 UTC | EXEC | pid=353050 ppid=353049 uid=1000   comm=grepconf.sh          file=
2026-04-11T11:04:03 UTC | EXEC | pid=353051 ppid=353041 uid=1000   comm=bash                 file=
2026-04-11T11:04:03 UTC | EXEC | pid=353052 ppid=353051 uid=1000   comm=grepconf.sh          file=
2026-04-11T11:04:03 UTC | EXEC | pid=353054 ppid=353053 uid=1000   comm=bash                 file=
2026-04-11T11:04:03 UTC | EXEC | pid=353056 ppid=353041 uid=1000   comm=bash                 file=
2026-04-11T11:04:03 UTC | EXEC | pid=353058 ppid=353057 uid=1000   comm=bash                 file=
2026-04-11T11:04:03 UTC | EXEC | pid=353059 ppid=353041 uid=1000   comm=bash                 file=
2026-04-11T11:04:03 UTC | EXEC | pid=353064 ppid=353063 uid=1000   comm=bash                 file=
2026-04-11T11:04:03 UTC | EXEC | pid=353063 ppid=353041 uid=1000   comm=bash                 file=
2026-04-11T11:04:03 UTC | EXEC | pid=353068 ppid=353066 uid=1000   comm=bash                 file=
2026-04-11T11:04:03 UTC | EXEC | pid=353069 ppid=353041 uid=1000   comm=bash                 file=
2026-04-11T11:04:07 UTC | EXEC | pid=353074 ppid=353072 uid=1000   comm=bash                 file=
2026-04-11T11:04:07 UTC | EXEC | pid=353075 ppid=353041 uid=1000   comm=bash                 file=
2026-04-11T11:04:09 UTC | EXEC | pid=353078 ppid=353041 uid=1000   comm=bash                 file=
2026-04-11T11:04:09 UTC | EXEC | pid=353082 ppid=353080 uid=1000   comm=bash                 file=
2026-04-11T11:04:09 UTC | EXEC | pid=353083 ppid=353041 uid=1000   comm=bash                 file=
2026-04-11T11:07:00 UTC | EXEC | pid=353164 ppid=903    uid=0      comm=(sd-worker)          file=
2026-04-11T11:08:16 UTC | EXEC | pid=353182 ppid=903    uid=0      comm=(sd-worker)          file=
2026-04-11T11:08:16 UTC | EXEC | pid=353183 ppid=903    uid=0      comm=(sd-worker)          file=
2026-04-11T11:09:01 UTC | EXEC | pid=353202 ppid=4716   uid=1000   comm=pool-1451            file=
2026-04-11T11:09:01 UTC | EXEC | pid=353202 ppid=4716   uid=1000   comm=xdg-desktop-por      file=
2026-04-11T11:09:01 UTC | EXEC | pid=353205 ppid=353203 uid=1000   comm=bwrap                file=
2026-04-11T11:09:01 UTC | EXEC | pid=353210 ppid=353205 uid=1000   comm=blocking-2           file=
2026-04-11T11:09:01 UTC | EXEC | pid=353212 ppid=353211 uid=1000   comm=bwrap                file=
2026-04-11T11:09:01 UTC | EXEC | pid=353214 ppid=353205 uid=1000   comm=gly-hdl-loader       file=
2026-04-11T11:09:01 UTC | EXEC | pid=353216 ppid=353215 uid=1000   comm=bwrap                file=
2026-04-11T11:09:19 UTC | EXEC | pid=353226 ppid=4716   uid=1000   comm=pool-1450            file=
2026-04-11T11:09:19 UTC | EXEC | pid=353226 ppid=4716   uid=1000   comm=xdg-desktop-por      file=
2026-04-11T11:09:19 UTC | EXEC | pid=353228 ppid=353227 uid=1000   comm=bwrap                file=
2026-04-11T11:09:19 UTC | EXEC | pid=353233 ppid=353228 uid=1000   comm=blocking-2           file=
2026-04-11T11:09:19 UTC | EXEC | pid=353235 ppid=353234 uid=1000   comm=bwrap                file=
2026-04-11T11:09:19 UTC | EXEC | pid=353237 ppid=353228 uid=1000   comm=gly-hdl-loader       file=
2026-04-11T11:09:19 UTC | EXEC | pid=353239 ppid=353238 uid=1000   comm=bwrap                file=
2026-04-11T11:09:23 UTC | EXEC | pid=353250 ppid=4716   uid=1000   comm=pool-1451            file=
2026-04-11T11:09:23 UTC | EXEC | pid=353250 ppid=4716   uid=1000   comm=xdg-desktop-por      file=
2026-04-11T11:09:23 UTC | EXEC | pid=353252 ppid=353251 uid=1000   comm=bwrap                file=
2026-04-11T11:09:23 UTC | EXEC | pid=353257 ppid=353252 uid=1000   comm=blocking-2           file=
2026-04-11T11:09:23 UTC | EXEC | pid=353259 ppid=353258 uid=1000   comm=bwrap                file=
2026-04-11T11:09:23 UTC | EXEC | pid=353261 ppid=353252 uid=1000   comm=gly-hdl-loader       file=
2026-04-11T11:09:23 UTC | EXEC | pid=353263 ppid=353262 uid=1000   comm=bwrap                file=
2026-04-11T11:09:26 UTC | EXEC | pid=353300 ppid=1161   uid=114    comm=polkitd              file=
2026-04-11T11:09:27 UTC | EXEC | pid=353319 ppid=4716   uid=1000   comm=pool-1451            file=
2026-04-11T11:09:27 UTC | EXEC | pid=353319 ppid=4716   uid=1000   comm=xdg-desktop-por      file=
2026-04-11T11:09:27 UTC | EXEC | pid=353321 ppid=353320 uid=1000   comm=bwrap                file=
2026-04-11T11:09:27 UTC | EXEC | pid=353326 ppid=353321 uid=1000   comm=blocking-2           file=
2026-04-11T11:09:27 UTC | EXEC | pid=353328 ppid=353327 uid=1000   comm=bwrap                file=
2026-04-11T11:09:27 UTC | EXEC | pid=353330 ppid=353321 uid=1000   comm=gly-hdl-loader       file=
2026-04-11T11:09:27 UTC | EXEC | pid=353332 ppid=353331 uid=1000   comm=bwrap                file=
2026-04-11T11:09:38 UTC | EXEC | pid=353339 ppid=196354 uid=0      comm=dnsmasq              file=
2026-04-11T11:12:21 UTC | EXEC | pid=353377 ppid=903    uid=0      comm=(sd-worker)          file=
2026-04-11T11:13:23 UTC | EXEC | pid=353398 ppid=4716   uid=1000   comm=pool-1454            file=
2026-04-11T11:13:23 UTC | EXEC | pid=353398 ppid=4716   uid=1000   comm=xdg-desktop-por      file=
2026-04-11T11:13:23 UTC | EXEC | pid=353400 ppid=353399 uid=1000   comm=bwrap                file=
2026-04-11T11:13:23 UTC | EXEC | pid=353405 ppid=353400 uid=1000   comm=blocking-2           file=
2026-04-11T11:13:23 UTC | EXEC | pid=353407 ppid=353406 uid=1000   comm=bwrap                file=
2026-04-11T11:13:23 UTC | EXEC | pid=353409 ppid=353400 uid=1000   comm=gly-hdl-loader       file=
2026-04-11T11:13:23 UTC | EXEC | pid=353411 ppid=353410 uid=1000   comm=bwrap                file=
2026-04-11T11:13:37 UTC | EXEC | pid=353425 ppid=903    uid=0      comm=(sd-worker)          file=
2026-04-11T11:13:37 UTC | EXEC | pid=353426 ppid=903    uid=0      comm=(sd-worker)          file=
2026-04-11T11:13:51 UTC | EXEC | pid=353431 ppid=4716   uid=1000   comm=pool-1456            file=
2026-04-11T11:13:51 UTC | EXEC | pid=353431 ppid=4716   uid=1000   comm=xdg-desktop-por      file=
2026-04-11T11:13:51 UTC | EXEC | pid=353434 ppid=353432 uid=1000   comm=bwrap                file=
2026-04-11T11:13:51 UTC | EXEC | pid=353439 ppid=353434 uid=1000   comm=blocking-2           file=
2026-04-11T11:13:51 UTC | EXEC | pid=353441 ppid=353440 uid=1000   comm=bwrap                file=
2026-04-11T11:13:51 UTC | EXEC | pid=353443 ppid=353434 uid=1000   comm=gly-hdl-loader       file=
2026-04-11T11:13:51 UTC | EXEC | pid=353445 ppid=353444 uid=1000   comm=bwrap                file=
2026-04-11T11:13:52 UTC | EXEC | pid=353453 ppid=4716   uid=1000   comm=pool-1456            file=
2026-04-11T11:13:52 UTC | EXEC | pid=353453 ppid=4716   uid=1000   comm=xdg-desktop-por      file=
2026-04-11T11:13:52 UTC | EXEC | pid=353455 ppid=353454 uid=1000   comm=bwrap                file=
2026-04-11T11:13:52 UTC | EXEC | pid=353460 ppid=353455 uid=1000   comm=blocking-2           file=
2026-04-11T11:13:52 UTC | EXEC | pid=353462 ppid=353461 uid=1000   comm=bwrap                file=
2026-04-11T11:13:52 UTC | EXEC | pid=353464 ppid=353455 uid=1000   comm=gly-hdl-loader       file=
2026-04-11T11:13:52 UTC | EXEC | pid=353467 ppid=353465 uid=1000   comm=bwrap                file=
2026-04-11T11:13:52 UTC | EXEC | pid=353471 ppid=4716   uid=1000   comm=pool-1456            file=
2026-04-11T11:13:52 UTC | EXEC | pid=353471 ppid=4716   uid=1000   comm=xdg-desktop-por      file=
2026-04-11T11:13:52 UTC | EXEC | pid=353473 ppid=353472 uid=1000   comm=bwrap                file=
2026-04-11T11:13:52 UTC | EXEC | pid=353478 ppid=353473 uid=1000   comm=blocking-2           file=
2026-04-11T11:13:52 UTC | EXEC | pid=353480 ppid=353479 uid=1000   comm=bwrap                file=
2026-04-11T11:13:52 UTC | EXEC | pid=353482 ppid=353473 uid=1000   comm=gly-hdl-loader       file=
2026-04-11T11:13:52 UTC | EXEC | pid=353484 ppid=353483 uid=1000   comm=bwrap                file=
2026-04-11T11:14:18 UTC | EXEC | pid=353496 ppid=4716   uid=1000   comm=pool-1459            file=
2026-04-11T11:14:18 UTC | EXEC | pid=353496 ppid=4716   uid=1000   comm=xdg-desktop-por      file=
2026-04-11T11:14:18 UTC | EXEC | pid=353498 ppid=353497 uid=1000   comm=bwrap                file=
2026-04-11T11:14:18 UTC | EXEC | pid=353503 ppid=353498 uid=1000   comm=blocking-2           file=
2026-04-11T11:14:18 UTC | EXEC | pid=353505 ppid=353504 uid=1000   comm=bwrap                file=
2026-04-11T11:14:18 UTC | EXEC | pid=353507 ppid=353498 uid=1000   comm=gly-hdl-loader       file=
2026-04-11T11:14:18 UTC | EXEC | pid=353509 ppid=353508 uid=1000   comm=bwrap                file=
2026-04-11T11:14:55 UTC | EXEC | pid=353530 ppid=4716   uid=1000   comm=pool-1461            file=
2026-04-11T11:14:55 UTC | EXEC | pid=353530 ppid=4716   uid=1000   comm=xdg-desktop-por      file=
2026-04-11T11:14:55 UTC | EXEC | pid=353532 ppid=353531 uid=1000   comm=bwrap                file=
2026-04-11T11:14:55 UTC | EXEC | pid=353537 ppid=353532 uid=1000   comm=blocking-2           file=
2026-04-11T11:14:55 UTC | EXEC | pid=353539 ppid=353538 uid=1000   comm=bwrap                file=
2026-04-11T11:14:55 UTC | EXEC | pid=353541 ppid=353532 uid=1000   comm=gly-hdl-loader       file=
2026-04-11T11:14:55 UTC | EXEC | pid=353543 ppid=353542 uid=1000   comm=bwrap                file=
2026-04-11T11:14:59 UTC | EXEC | pid=353556 ppid=4716   uid=1000   comm=pool-1460            file=
2026-04-11T11:14:59 UTC | EXEC | pid=353556 ppid=4716   uid=1000   comm=xdg-desktop-por      file=
2026-04-11T11:14:59 UTC | EXEC | pid=353559 ppid=353558 uid=1000   comm=bwrap                file=
2026-04-11T11:14:59 UTC | EXEC | pid=353564 ppid=353559 uid=1000   comm=blocking-2           file=
2026-04-11T11:14:59 UTC | EXEC | pid=353566 ppid=353565 uid=1000   comm=bwrap                file=
2026-04-11T11:14:59 UTC | EXEC | pid=353568 ppid=353559 uid=1000   comm=gly-hdl-loader       file=
2026-04-11T11:14:59 UTC | EXEC | pid=353570 ppid=353569 uid=1000   comm=bwrap                file=
2026-04-11T11:14:59 UTC | EXEC | pid=353575 ppid=4716   uid=1000   comm=pool-1460            file=
2026-04-11T11:14:59 UTC | EXEC | pid=353575 ppid=4716   uid=1000   comm=xdg-desktop-por      file=
2026-04-11T11:14:59 UTC | EXEC | pid=353577 ppid=353576 uid=1000   comm=bwrap                file=
2026-04-11T11:14:59 UTC | EXEC | pid=353582 ppid=353577 uid=1000   comm=blocking-2           file=
2026-04-11T11:14:59 UTC | EXEC | pid=353584 ppid=353583 uid=1000   comm=bwrap                file=
2026-04-11T11:14:59 UTC | EXEC | pid=353586 ppid=353577 uid=1000   comm=gly-hdl-loader       file=
2026-04-11T11:14:59 UTC | EXEC | pid=353588 ppid=353587 uid=1000   comm=bwrap                file=
2026-04-11T11:15:08 UTC | EXEC | pid=353599 ppid=4246   uid=1000   comm=gly-hdl-loader       file=
2026-04-11T11:15:08 UTC | EXEC | pid=353599 ppid=4246   uid=1000   comm=gly-hdl-loader       file=
2026-04-11T11:15:08 UTC | EXEC | pid=353599 ppid=4246   uid=1000   comm=gly-hdl-loader       file=
2026-04-11T11:15:08 UTC | EXEC | pid=353599 ppid=4246   uid=1000   comm=gly-hdl-loader       file=
2026-04-11T11:15:08 UTC | EXEC | pid=353599 ppid=4246   uid=1000   comm=gly-hdl-loader       file=
2026-04-11T11:15:08 UTC | EXEC | pid=353599 ppid=4246   uid=1000   comm=gly-hdl-loader       file=
2026-04-11T11:15:08 UTC | EXEC | pid=353603 ppid=353602 uid=1000   comm=bwrap                file=
2026-04-11T11:15:21 UTC | EXEC | pid=353646 ppid=1161   uid=114    comm=polkitd              file=
2026-04-11T11:15:21 UTC | EXEC | pid=353649 ppid=1161   uid=114    comm=polkitd              file=
2026-04-11T11:15:21 UTC | EXEC | pid=353652 ppid=1161   uid=114    comm=polkitd              file=
2026-04-11T11:15:21 UTC | EXEC | pid=353655 ppid=1161   uid=114    comm=polkitd              file=
2026-04-11T11:15:21 UTC | EXEC | pid=353658 ppid=1161   uid=114    comm=polkitd              file=
2026-04-11T11:15:21 UTC | EXEC | pid=353661 ppid=1161   uid=114    comm=polkitd              file=
2026-04-11T11:15:21 UTC | EXEC | pid=353664 ppid=1161   uid=114    comm=polkitd              file=
2026-04-11T11:15:21 UTC | EXEC | pid=353667 ppid=1161   uid=114    comm=polkitd              file=
2026-04-11T11:15:38 UTC | EXEC | pid=353675 ppid=4637   uid=1000   comm=localsearch-3        file=
2026-04-11T11:15:46 UTC | EXEC | pid=353685 ppid=1161   uid=114    comm=polkitd              file=
2026-04-11T11:15:46 UTC | EXEC | pid=353688 ppid=1161   uid=114    comm=polkitd              file=
2026-04-11T11:15:46 UTC | EXEC | pid=353691 ppid=1161   uid=114    comm=polkitd              file=
2026-04-11T11:15:46 UTC | EXEC | pid=353694 ppid=1161   uid=114    comm=polkitd              file=
2026-04-11T11:15:46 UTC | EXEC | pid=353697 ppid=1161   uid=114    comm=polkitd              file=
2026-04-11T11:15:46 UTC | EXEC | pid=353700 ppid=1161   uid=114    comm=polkitd              file=
2026-04-11T11:15:46 UTC | EXEC | pid=353703 ppid=1161   uid=114    comm=polkitd              file=
2026-04-11T11:15:46 UTC | EXEC | pid=353706 ppid=1161   uid=114    comm=polkitd              file=
2026-04-11T11:15:50 UTC | EXEC | pid=353712 ppid=4246   uid=1000   comm=gly-hdl-loader       file=
2026-04-11T11:15:50 UTC | EXEC | pid=353712 ppid=4246   uid=1000   comm=gly-hdl-loader       file=
2026-04-11T11:15:50 UTC | EXEC | pid=353712 ppid=4246   uid=1000   comm=gly-hdl-loader       file=
2026-04-11T11:15:50 UTC | EXEC | pid=353712 ppid=4246   uid=1000   comm=gly-hdl-loader       file=
2026-04-11T11:15:50 UTC | EXEC | pid=353712 ppid=4246   uid=1000   comm=gly-hdl-loader       file=
2026-04-11T11:15:50 UTC | EXEC | pid=353712 ppid=4246   uid=1000   comm=gly-hdl-loader       file=
2026-04-11T11:15:50 UTC | EXEC | pid=353715 ppid=353714 uid=1000   comm=bwrap                file=
2026-04-11T11:15:58 UTC | EXEC | pid=353757 ppid=4637   uid=1000   comm=localsearch-3        file=
2026-04-11T11:16:48 UTC | EXEC | pid=353786 ppid=3946   uid=1000   comm=systemd              file=
2026-04-11T11:16:48 UTC | EXEC | pid=353786 ppid=3946   uid=1000   comm=(nautilus)           file=
2026-04-11T11:16:49 UTC | EXEC | pid=353808 ppid=3946   uid=1000   comm=systemd              file=
2026-04-11T11:16:49 UTC | EXEC | pid=353808 ppid=3946   uid=1000   comm=(org.gnome.Nau)      file=
2026-04-11T11:16:49 UTC | EXEC | pid=353810 ppid=1      uid=0      comm=systemd              file=
2026-04-11T11:16:49 UTC | EXEC | pid=353830 ppid=353786 uid=1000   comm=blocking-2           file=
2026-04-11T11:16:49 UTC | EXEC | pid=353830 ppid=353786 uid=1000   comm=blocking-2           file=
2026-04-11T11:16:49 UTC | EXEC | pid=353830 ppid=353786 uid=1000   comm=blocking-2           file=
2026-04-11T11:16:49 UTC | EXEC | pid=353830 ppid=353786 uid=1000   comm=blocking-2           file=
2026-04-11T11:16:49 UTC | EXEC | pid=353830 ppid=353786 uid=1000   comm=blocking-2           file=
2026-04-11T11:16:49 UTC | EXEC | pid=353830 ppid=353786 uid=1000   comm=blocking-2           file=
2026-04-11T11:16:49 UTC | EXEC | pid=353810 ppid=1      uid=0      comm=(systemd-hostn)      file=
2026-04-11T11:16:49 UTC | EXEC | pid=353832 ppid=353831 uid=1000   comm=bwrap                file=
2026-04-11T11:16:49 UTC | EXEC | pid=353836 ppid=353786 uid=1000   comm=gly-hdl-loader       file=
2026-04-11T11:16:49 UTC | EXEC | pid=353836 ppid=353786 uid=1000   comm=gly-hdl-loader       file=
2026-04-11T11:16:49 UTC | EXEC | pid=353836 ppid=353786 uid=1000   comm=gly-hdl-loader       file=
2026-04-11T11:16:49 UTC | EXEC | pid=353836 ppid=353786 uid=1000   comm=gly-hdl-loader       file=
2026-04-11T11:16:49 UTC | EXEC | pid=353836 ppid=353786 uid=1000   comm=gly-hdl-loader       file=
2026-04-11T11:16:49 UTC | EXEC | pid=353836 ppid=353786 uid=1000   comm=gly-hdl-loader       file=
2026-04-11T11:16:49 UTC | EXEC | pid=353838 ppid=353837 uid=1000   comm=bwrap                file=
2026-04-11T11:17:05 UTC | EXEC | pid=353895 ppid=4225   uid=1000   comm=gvfsd                file=
2026-04-11T11:17:06 UTC | EXEC | pid=353926 ppid=353786 uid=1000   comm=gly-hdl-editor       file=
2026-04-11T11:17:06 UTC | EXEC | pid=353926 ppid=353786 uid=1000   comm=gly-hdl-editor       file=
2026-04-11T11:17:06 UTC | EXEC | pid=353926 ppid=353786 uid=1000   comm=gly-hdl-editor       file=
2026-04-11T11:17:06 UTC | EXEC | pid=353926 ppid=353786 uid=1000   comm=gly-hdl-editor       file=
2026-04-11T11:17:06 UTC | EXEC | pid=353926 ppid=353786 uid=1000   comm=gly-hdl-editor       file=
2026-04-11T11:17:06 UTC | EXEC | pid=353926 ppid=353786 uid=1000   comm=gly-hdl-editor       file=
2026-04-11T11:17:06 UTC | EXEC | pid=353930 ppid=353929 uid=1000   comm=bwrap                file=
2026-04-11T11:17:10 UTC | EXEC | pid=353949 ppid=353786 uid=1000   comm=pool-4               file=
2026-04-11T11:17:10 UTC | EXEC | pid=353949 ppid=353786 uid=1000   comm=pool-4               file=
2026-04-11T11:17:10 UTC | EXEC | pid=353949 ppid=353786 uid=1000   comm=pool-4               file=
2026-04-11T11:17:10 UTC | EXEC | pid=353949 ppid=353786 uid=1000   comm=pool-4               file=
2026-04-11T11:17:10 UTC | EXEC | pid=353949 ppid=353786 uid=1000   comm=pool-4               file=
2026-04-11T11:17:10 UTC | EXEC | pid=353949 ppid=353786 uid=1000   comm=pool-4               file=
2026-04-11T11:17:10 UTC | EXEC | pid=353950 ppid=353786 uid=1000   comm=pool-26              file=
2026-04-11T11:17:10 UTC | EXEC | pid=353950 ppid=353786 uid=1000   comm=pool-26              file=
2026-04-11T11:17:10 UTC | EXEC | pid=353950 ppid=353786 uid=1000   comm=pool-26              file=
2026-04-11T11:17:10 UTC | EXEC | pid=353950 ppid=353786 uid=1000   comm=pool-26              file=
2026-04-11T11:17:10 UTC | EXEC | pid=353950 ppid=353786 uid=1000   comm=pool-26              file=
2026-04-11T11:17:10 UTC | EXEC | pid=353950 ppid=353786 uid=1000   comm=pool-26              file=
2026-04-11T11:17:10 UTC | EXEC | pid=353952 ppid=353786 uid=1000   comm=pool-27              file=
2026-04-11T11:17:10 UTC | EXEC | pid=353952 ppid=353786 uid=1000   comm=pool-27              file=
2026-04-11T11:17:10 UTC | EXEC | pid=353952 ppid=353786 uid=1000   comm=pool-27              file=
2026-04-11T11:17:10 UTC | EXEC | pid=353952 ppid=353786 uid=1000   comm=pool-27              file=
2026-04-11T11:17:10 UTC | EXEC | pid=353952 ppid=353786 uid=1000   comm=pool-27              file=
2026-04-11T11:17:10 UTC | EXEC | pid=353952 ppid=353786 uid=1000   comm=pool-27              file=
2026-04-11T11:17:10 UTC | EXEC | pid=353954 ppid=353786 uid=1000   comm=pool-21              file=
2026-04-11T11:17:10 UTC | EXEC | pid=353954 ppid=353786 uid=1000   comm=pool-21              file=
2026-04-11T11:17:10 UTC | EXEC | pid=353954 ppid=353786 uid=1000   comm=pool-21              file=
2026-04-11T11:17:10 UTC | EXEC | pid=353954 ppid=353786 uid=1000   comm=pool-21              file=
2026-04-11T11:17:10 UTC | EXEC | pid=353954 ppid=353786 uid=1000   comm=pool-21              file=
2026-04-11T11:17:10 UTC | EXEC | pid=353954 ppid=353786 uid=1000   comm=pool-21              file=
2026-04-11T11:17:10 UTC | EXEC | pid=353955 ppid=353951 uid=1000   comm=bwrap                file=
2026-04-11T11:17:10 UTC | EXEC | pid=353957 ppid=353786 uid=1000   comm=pool-20              file=
2026-04-11T11:17:10 UTC | EXEC | pid=353957 ppid=353786 uid=1000   comm=pool-20              file=
2026-04-11T11:17:10 UTC | EXEC | pid=353957 ppid=353786 uid=1000   comm=pool-20              file=
2026-04-11T11:17:10 UTC | EXEC | pid=353957 ppid=353786 uid=1000   comm=pool-20              file=
2026-04-11T11:17:10 UTC | EXEC | pid=353957 ppid=353786 uid=1000   comm=pool-20              file=
2026-04-11T11:17:10 UTC | EXEC | pid=353957 ppid=353786 uid=1000   comm=pool-20              file=
2026-04-11T11:17:10 UTC | EXEC | pid=353959 ppid=353786 uid=1000   comm=pool-10              file=
2026-04-11T11:17:10 UTC | EXEC | pid=353959 ppid=353786 uid=1000   comm=pool-10              file=
2026-04-11T11:17:10 UTC | EXEC | pid=353959 ppid=353786 uid=1000   comm=pool-10              file=
2026-04-11T11:17:10 UTC | EXEC | pid=353959 ppid=353786 uid=1000   comm=pool-10              file=
2026-04-11T11:17:10 UTC | EXEC | pid=353959 ppid=353786 uid=1000   comm=pool-10              file=
2026-04-11T11:17:10 UTC | EXEC | pid=353959 ppid=353786 uid=1000   comm=pool-10              file=
2026-04-11T11:17:10 UTC | EXEC | pid=353960 ppid=353953 uid=1000   comm=bwrap                file=
2026-04-11T11:17:10 UTC | EXEC | pid=353963 ppid=353956 uid=1000   comm=bwrap                file=
2026-04-11T11:17:10 UTC | EXEC | pid=353962 ppid=353786 uid=1000   comm=pool-23              file=
2026-04-11T11:17:10 UTC | EXEC | pid=353962 ppid=353786 uid=1000   comm=pool-23              file=
2026-04-11T11:17:10 UTC | EXEC | pid=353962 ppid=353786 uid=1000   comm=pool-23              file=
2026-04-11T11:17:10 UTC | EXEC | pid=353962 ppid=353786 uid=1000   comm=pool-23              file=
2026-04-11T11:17:10 UTC | EXEC | pid=353962 ppid=353786 uid=1000   comm=pool-23              file=
2026-04-11T11:17:10 UTC | EXEC | pid=353962 ppid=353786 uid=1000   comm=pool-23              file=
2026-04-11T11:17:10 UTC | EXEC | pid=353967 ppid=353786 uid=1000   comm=pool-9               file=
2026-04-11T11:17:10 UTC | EXEC | pid=353967 ppid=353786 uid=1000   comm=pool-9               file=
2026-04-11T11:17:10 UTC | EXEC | pid=353967 ppid=353786 uid=1000   comm=pool-9               file=
2026-04-11T11:17:10 UTC | EXEC | pid=353967 ppid=353786 uid=1000   comm=pool-9               file=
2026-04-11T11:17:10 UTC | EXEC | pid=353967 ppid=353786 uid=1000   comm=pool-9               file=
2026-04-11T11:17:10 UTC | EXEC | pid=353967 ppid=353786 uid=1000   comm=pool-9               file=
2026-04-11T11:17:10 UTC | EXEC | pid=353968 ppid=353958 uid=1000   comm=bwrap                file=
2026-04-11T11:17:10 UTC | EXEC | pid=353980 ppid=353955 uid=1000   comm=gly-hdl-loader       file=
2026-04-11T11:17:10 UTC | EXEC | pid=353984 ppid=353961 uid=1000   comm=bwrap                file=
2026-04-11T11:17:10 UTC | EXEC | pid=353986 ppid=353960 uid=1000   comm=gly-hdl-loader       file=
2026-04-11T11:17:10 UTC | EXEC | pid=354000 ppid=353965 uid=1000   comm=bwrap                file=
2026-04-11T11:17:10 UTC | EXEC | pid=354001 ppid=353963 uid=1000   comm=gly-hdl-loader       file=
2026-04-11T11:17:10 UTC | EXEC | pid=354008 ppid=353975 uid=1000   comm=bwrap                file=
2026-04-11T11:17:10 UTC | EXEC | pid=354013 ppid=353968 uid=1000   comm=gly-hdl-loader       file=
2026-04-11T11:17:10 UTC | EXEC | pid=354014 ppid=353988 uid=1000   comm=bwrap                file=
2026-04-11T11:17:10 UTC | EXEC | pid=354023 ppid=353984 uid=1000   comm=gly-hdl-loader       file=
2026-04-11T11:17:10 UTC | EXEC | pid=354037 ppid=354000 uid=1000   comm=gly-hdl-loader       file=
2026-04-11T11:17:10 UTC | EXEC | pid=354050 ppid=354008 uid=1000   comm=gly-hdl-loader       file=
2026-04-11T11:17:10 UTC | EXEC | pid=354055 ppid=354014 uid=1000   comm=gly-hdl-loader       file=
2026-04-11T11:17:39 UTC | EXEC | pid=354073 ppid=903    uid=0      comm=(sd-worker)          file=
2026-04-11T11:18:37 UTC | EXEC | pid=354090 ppid=4745   uid=1000   comm=xdg-document-po      file=
2026-04-11T11:18:37 UTC | EXEC | pid=354090 ppid=4745   uid=1000   comm=xdg-document-po      file=
2026-04-11T11:18:37 UTC | EXEC | pid=354090 ppid=4745   uid=1000   comm=xdg-document-po      file=
2026-04-11T11:18:37 UTC | EXEC | pid=354090 ppid=4745   uid=1000   comm=xdg-document-po      file=
2026-04-11T11:18:37 UTC | EXEC | pid=354090 ppid=4745   uid=1000   comm=xdg-document-po      file=
2026-04-11T11:18:37 UTC | EXEC | pid=354090 ppid=4745   uid=1000   comm=xdg-document-po      file=
2026-04-11T11:18:41 UTC | EXEC | pid=354102 ppid=1      uid=0      comm=systemd              file=
2026-04-11T11:18:42 UTC | EXEC | pid=354102 ppid=1      uid=0      comm=(systemd-hostn)      file=
2026-04-11T11:18:47 UTC | EXEC | pid=354105 ppid=903    uid=0      comm=(sd-worker)          file=
2026-04-11T11:18:47 UTC | EXEC | pid=354108 ppid=4745   uid=1000   comm=xdg-document-po      file=
2026-04-11T11:18:47 UTC | EXEC | pid=354108 ppid=4745   uid=1000   comm=xdg-document-po      file=
2026-04-11T11:18:47 UTC | EXEC | pid=354108 ppid=4745   uid=1000   comm=xdg-document-po      file=
2026-04-11T11:18:47 UTC | EXEC | pid=354108 ppid=4745   uid=1000   comm=xdg-document-po      file=
2026-04-11T11:18:47 UTC | EXEC | pid=354108 ppid=4745   uid=1000   comm=xdg-document-po      file=
2026-04-11T11:18:47 UTC | EXEC | pid=354108 ppid=4745   uid=1000   comm=xdg-document-po      file=
2026-04-11T11:18:55 UTC | EXEC | pid=354119 ppid=903    uid=0      comm=(sd-worker)          file=
2026-04-11T11:20:00 UTC | EXEC | pid=354157 ppid=59261  uid=1000   comm=ThreadPoolSingl      file=
2026-04-11T11:21:29 UTC | EXEC | pid=354194 ppid=4246   uid=1000   comm=gly-hdl-loader       file=
2026-04-11T11:21:29 UTC | EXEC | pid=354194 ppid=4246   uid=1000   comm=gly-hdl-loader       file=
2026-04-11T11:21:29 UTC | EXEC | pid=354194 ppid=4246   uid=1000   comm=gly-hdl-loader       file=
2026-04-11T11:21:29 UTC | EXEC | pid=354194 ppid=4246   uid=1000   comm=gly-hdl-loader       file=
2026-04-11T11:21:29 UTC | EXEC | pid=354194 ppid=4246   uid=1000   comm=gly-hdl-loader       file=
2026-04-11T11:21:29 UTC | EXEC | pid=354194 ppid=4246   uid=1000   comm=gly-hdl-loader       file=
2026-04-11T11:21:29 UTC | EXEC | pid=354198 ppid=354197 uid=1000   comm=bwrap                file=
2026-04-11T11:22:38 UTC | EXEC | pid=354254 ppid=4246   uid=1000   comm=gly-hdl-loader       file=
2026-04-11T11:22:38 UTC | EXEC | pid=354254 ppid=4246   uid=1000   comm=gly-hdl-loader       file=
2026-04-11T11:22:38 UTC | EXEC | pid=354254 ppid=4246   uid=1000   comm=gly-hdl-loader       file=
2026-04-11T11:22:38 UTC | EXEC | pid=354254 ppid=4246   uid=1000   comm=gly-hdl-loader       file=
2026-04-11T11:22:38 UTC | EXEC | pid=354254 ppid=4246   uid=1000   comm=gly-hdl-loader       file=
2026-04-11T11:22:38 UTC | EXEC | pid=354254 ppid=4246   uid=1000   comm=gly-hdl-loader       file=
2026-04-11T11:22:38 UTC | EXEC | pid=354256 ppid=354255 uid=1000   comm=bwrap                file=
2026-04-11T11:23:03 UTC | EXEC | pid=354456 ppid=903    uid=0      comm=(sd-worker)          file=
2026-04-11T11:23:46 UTC | EXEC | pid=354505 ppid=4716   uid=1000   comm=pool-1468            file=
2026-04-11T11:23:46 UTC | EXEC | pid=354505 ppid=4716   uid=1000   comm=xdg-desktop-por      file=
2026-04-11T11:23:46 UTC | EXEC | pid=354507 ppid=354506 uid=1000   comm=bwrap                file=
2026-04-11T11:23:46 UTC | EXEC | pid=354513 ppid=354507 uid=1000   comm=blocking-2           file=
2026-04-11T11:23:46 UTC | EXEC | pid=354515 ppid=354514 uid=1000   comm=bwrap                file=
2026-04-11T11:23:46 UTC | EXEC | pid=354517 ppid=354507 uid=1000   comm=gly-hdl-loader       file=
2026-04-11T11:23:46 UTC | EXEC | pid=354519 ppid=354518 uid=1000   comm=bwrap                file=
2026-04-11T11:23:56 UTC | EXEC | pid=354566 ppid=903    uid=0      comm=(sd-worker)          file=
2026-04-11T11:24:00 UTC | EXEC | pid=354568 ppid=903    uid=0      comm=(sd-worker)          file=
2026-04-11T11:26:03 UTC | EXEC | pid=354595 ppid=4716   uid=1000   comm=pool-1470            file=
2026-04-11T11:26:03 UTC | EXEC | pid=354595 ppid=4716   uid=1000   comm=xdg-desktop-por      file=
2026-04-11T11:26:03 UTC | EXEC | pid=354597 ppid=354596 uid=1000   comm=bwrap                file=
2026-04-11T11:26:03 UTC | EXEC | pid=354602 ppid=354597 uid=1000   comm=blocking-2           file=
2026-04-11T11:26:03 UTC | EXEC | pid=354604 ppid=354603 uid=1000   comm=bwrap                file=
2026-04-11T11:26:03 UTC | EXEC | pid=354606 ppid=354597 uid=1000   comm=gly-hdl-loader       file=
2026-04-11T11:26:03 UTC | EXEC | pid=354608 ppid=354607 uid=1000   comm=bwrap                file=
2026-04-11T11:26:41 UTC | EXEC | pid=354626 ppid=4716   uid=1000   comm=pool-1472            file=
2026-04-11T11:26:41 UTC | EXEC | pid=354626 ppid=4716   uid=1000   comm=xdg-desktop-por      file=
2026-04-11T11:26:41 UTC | EXEC | pid=354628 ppid=354627 uid=1000   comm=bwrap                file=
2026-04-11T11:26:41 UTC | EXEC | pid=354634 ppid=354628 uid=1000   comm=blocking-2           file=
2026-04-11T11:26:41 UTC | EXEC | pid=354636 ppid=354635 uid=1000   comm=bwrap                file=
2026-04-11T11:26:41 UTC | EXEC | pid=354638 ppid=354628 uid=1000   comm=gly-hdl-loader       file=
2026-04-11T11:26:41 UTC | EXEC | pid=354640 ppid=354639 uid=1000   comm=bwrap                file=
2026-04-11T11:28:00 UTC | EXEC | pid=354666 ppid=4716   uid=1000   comm=pool-1474            file=
2026-04-11T11:28:00 UTC | EXEC | pid=354666 ppid=4716   uid=1000   comm=xdg-desktop-por      file=
2026-04-11T11:28:00 UTC | EXEC | pid=354668 ppid=354667 uid=1000   comm=bwrap                file=
2026-04-11T11:28:00 UTC | EXEC | pid=354673 ppid=354668 uid=1000   comm=blocking-2           file=
2026-04-11T11:28:00 UTC | EXEC | pid=354675 ppid=354674 uid=1000   comm=bwrap                file=
2026-04-11T11:28:00 UTC | EXEC | pid=354677 ppid=354668 uid=1000   comm=gly-hdl-loader       file=
2026-04-11T11:28:00 UTC | EXEC | pid=354679 ppid=354678 uid=1000   comm=bwrap                file=
2026-04-11T11:28:04 UTC | EXEC | pid=354687 ppid=903    uid=0      comm=(sd-worker)          file=
2026-04-11T11:28:57 UTC | EXEC | pid=354705 ppid=903    uid=0      comm=(sd-worker)          file=
2026-04-11T11:29:01 UTC | EXEC | pid=354706 ppid=903    uid=0      comm=(sd-worker)          file=
2026-04-11T11:33:00 UTC | EXEC | pid=354788 ppid=4246   uid=1000   comm=gly-hdl-loader       file=
2026-04-11T11:33:00 UTC | EXEC | pid=354788 ppid=4246   uid=1000   comm=gly-hdl-loader       file=
2026-04-11T11:33:00 UTC | EXEC | pid=354788 ppid=4246   uid=1000   comm=gly-hdl-loader       file=
2026-04-11T11:33:00 UTC | EXEC | pid=354788 ppid=4246   uid=1000   comm=gly-hdl-loader       file=
2026-04-11T11:33:00 UTC | EXEC | pid=354788 ppid=4246   uid=1000   comm=gly-hdl-loader       file=
2026-04-11T11:33:00 UTC | EXEC | pid=354788 ppid=4246   uid=1000   comm=gly-hdl-loader       file=
2026-04-11T11:33:00 UTC | EXEC | pid=354792 ppid=354791 uid=1000   comm=bwrap                file=
2026-04-11T11:33:02 UTC | Stopped.
2026-04-11T11:53:35 UTC | Loading BPF program from /home/litaliano00-dev/PysiAdmin/ebpf/probes/exec_monitor.c
2026-04-11T11:53:37 UTC | Tracing execve syscalls — Ctrl+C to stop.
2026-04-11T11:53:50 UTC | EXEC | pid=356599 ppid=356446 uid=1000   comm=python3              file=/bin/sh
2026-04-11T11:53:50 UTC | EXEC | pid=356599 ppid=356446 uid=1000   comm=sh                   file=/usr/bin/ls
2026-04-11T11:54:00 UTC | EXEC | pid=356607 ppid=903    uid=0      comm=(sd-worker)          file=/usr/lib/systemd/systemd-userwork
2026-04-11T11:54:25 UTC | EXEC | pid=356612 ppid=903    uid=0      comm=(sd-worker)          file=/usr/lib/systemd/systemd-userwork
2026-04-11T11:54:28 UTC | EXEC | pid=356642 ppid=1161   uid=114    comm=polkitd              file=/usr/bin/pkla-check-authorization
2026-04-11T11:55:02 UTC | EXEC | pid=356671 ppid=4716   uid=1000   comm=pool-1491            file=/usr/libexec/xdg-desktop-portal-validate-icon
2026-04-11T11:55:02 UTC | EXEC | pid=356671 ppid=4716   uid=1000   comm=xdg-desktop-por      file=/usr/bin/bwrap
2026-04-11T11:55:02 UTC | EXEC | pid=356673 ppid=356672 uid=1000   comm=bwrap                file=/usr/libexec/xdg-desktop-portal-validate-icon
2026-04-11T11:55:02 UTC | EXEC | pid=356679 ppid=356673 uid=1000   comm=blocking-2           file=/usr/bin/bwrap
2026-04-11T11:55:02 UTC | EXEC | pid=356681 ppid=356680 uid=1000   comm=bwrap                file=/usr/bin/true
2026-04-11T11:55:02 UTC | EXEC | pid=356683 ppid=356673 uid=1000   comm=gly-hdl-loader       file=/usr/bin/bwrap
2026-04-11T11:55:02 UTC | EXEC | pid=356685 ppid=356684 uid=1000   comm=bwrap                file=/usr/libexec/glycin-loaders/2+/glycin-image-rs
2026-04-11T11:55:18 UTC | EXEC | pid=356697 ppid=903    uid=0      comm=(sd-worker)          file=/usr/lib/systemd/systemd-userwork
2026-04-11T11:56:02 UTC | EXEC | pid=356706 ppid=356446 uid=1000   comm=python3              file=/bin/sh
2026-04-11T11:56:02 UTC | EXEC | pid=356706 ppid=356446 uid=1000   comm=sh                   file=/usr/bin/lsblk
2026-04-11T11:56:43 UTC | EXEC | pid=356712 ppid=356446 uid=1000   comm=python3              file=/bin/sh
2026-04-11T11:56:43 UTC | EXEC | pid=356712 ppid=356446 uid=1000   comm=sh                   file=/usr/bin/ls
2026-04-11T11:56:52 UTC | EXEC | pid=356714 ppid=356446 uid=1000   comm=python3              file=/bin/sh
2026-04-11T11:56:52 UTC | EXEC | pid=356714 ppid=356446 uid=1000   comm=sh                   file=/usr/bin/ls
2026-04-11T11:58:10 UTC | EXEC | pid=356734 ppid=4246   uid=1000   comm=gly-hdl-loader       file=/home/litaliano00-dev/.cargo/bin/bwrap
2026-04-11T11:58:10 UTC | EXEC | pid=356734 ppid=4246   uid=1000   comm=gly-hdl-loader       file=/home/litaliano00-dev/.local/bin/bwrap
2026-04-11T11:58:10 UTC | EXEC | pid=356734 ppid=4246   uid=1000   comm=gly-hdl-loader       file=/home/litaliano00-dev/bin/bwrap
2026-04-11T11:58:10 UTC | EXEC | pid=356734 ppid=4246   uid=1000   comm=gly-hdl-loader       file=/usr/lib64/ccache/bwrap
2026-04-11T11:58:10 UTC | EXEC | pid=356734 ppid=4246   uid=1000   comm=gly-hdl-loader       file=/usr/local/bin/bwrap
2026-04-11T11:58:10 UTC | EXEC | pid=356734 ppid=4246   uid=1000   comm=gly-hdl-loader       file=/usr/bin/bwrap
2026-04-11T11:58:10 UTC | EXEC | pid=356736 ppid=356735 uid=1000   comm=bwrap                file=/usr/libexec/glycin-loaders/2+/glycin-svg
2026-04-11T11:58:40 UTC | EXEC | pid=356898 ppid=356896 uid=1000   comm=bash                 file=/usr/bin/sed
2026-04-11T11:58:40 UTC | EXEC | pid=356899 ppid=331695 uid=1000   comm=bash                 file=/usr/libexec/vte-urlencode-cwd
2026-04-11T11:58:44 UTC | Stopped.
